{
  "RSpec": {
    "coverage": {
      "/Users/eliotswank/turing/mod2-redux/projects/little-shop-redux/config/environment.rb": [
        1,
        1,
        null,
        null,
        1,
        null,
        null,
        2,
        null,
        null,
        5,
        null,
        null,
        1,
        null,
        null,
        1,
        1,
        1,
        1,
        1,
        null,
        null
      ],
      "/Users/eliotswank/turing/mod2-redux/projects/little-shop-redux/app/controllers/little_shop_app.rb": [
        1,
        1,
        null,
        null,
        null,
        1,
        7,
        7,
        null,
        null,
        1,
        1,
        null,
        null,
        1,
        1,
        1,
        null,
        null,
        1,
        4,
        4,
        null,
        null,
        1,
        3,
        3,
        null,
        null,
        1,
        1,
        1,
        null,
        null,
        1,
        2,
        2,
        null,
        null,
        1,
        null,
        null,
        null,
        1,
        4,
        4,
        null,
        null,
        1,
        0,
        null,
        null,
        1,
        0,
        0,
        null,
        null,
        1,
        4,
        4,
        null,
        null,
        1,
        1,
        1,
        null,
        null,
        1,
        0,
        0,
        null,
        null,
        1,
        1,
        1,
        null,
        null,
        1,
        4,
        4,
        null,
        null,
        1,
        0,
        0,
        null,
        null,
        1,
        1,
        1,
        null,
        null,
        1,
        0,
        0,
        null,
        null,
        1,
        1,
        1,
        null,
        null
      ],
      "/Users/eliotswank/turing/mod2-redux/projects/little-shop-redux/app/models/invoice.rb": [
        1,
        1,
        null,
        null,
        1,
        1,
        null,
        1,
        null,
        2,
        1,
        null,
        null,
        1,
        6,
        null,
        null,
        1,
        3,
        null,
        null,
        1,
        null,
        null,
        null,
        null,
        null
      ],
      "/Users/eliotswank/turing/mod2-redux/projects/little-shop-redux/app/models/item.rb": [
        1,
        1,
        null,
        null,
        null,
        null,
        null,
        1,
        1,
        null,
        1,
        1,
        null,
        null,
        1,
        1,
        null,
        null,
        1,
        1,
        null,
        null,
        1,
        1,
        null,
        null
      ],
      "/Users/eliotswank/turing/mod2-redux/projects/little-shop-redux/app/models/invoice_item.rb": [
        1,
        1,
        null,
        null,
        null,
        null,
        1,
        1,
        null
      ],
      "/Users/eliotswank/turing/mod2-redux/projects/little-shop-redux/app/models/merchant.rb": [
        1,
        1,
        null,
        1,
        null,
        1,
        4,
        null,
        null,
        1,
        1,
        null,
        null,
        1,
        1,
        null,
        null,
        1,
        2,
        null,
        null,
        1,
        1,
        2,
        null,
        null,
        null,
        1,
        1,
        2,
        null,
        null,
        null
      ],
      "/Users/eliotswank/turing/mod2-redux/projects/little-shop-redux/config/database.rb": [
        null,
        1,
        1,
        null,
        null,
        1,
        1,
        null,
        null,
        null,
        null,
        null,
        null,
        null
      ],
      "/Users/eliotswank/turing/mod2-redux/projects/little-shop-redux/spec/features/invoices/user_sees_invoices_index_spec.rb": [
        1,
        1,
        1,
        1,
        1,
        null,
        1,
        null,
        1,
        1,
        1,
        1,
        null,
        null,
        1,
        1,
        1,
        null,
        1,
        null,
        1,
        1,
        null,
        1,
        null,
        null,
        null,
        1,
        1,
        1,
        null,
        1,
        null,
        1,
        1,
        null,
        1,
        null,
        null,
        1,
        1,
        null,
        null,
        null
      ],
      "/Users/eliotswank/turing/mod2-redux/projects/little-shop-redux/spec/features/items/user_can_see_edit_item_page_spec.rb": [
        1,
        1,
        1,
        0,
        0,
        null,
        null,
        null,
        null,
        null,
        null,
        0,
        null,
        0,
        0,
        0,
        0,
        0,
        null,
        null,
        1,
        0,
        0,
        null,
        null,
        null,
        null,
        null,
        null,
        0,
        0,
        null,
        0,
        null,
        null,
        1,
        0,
        0,
        null,
        null,
        null,
        null,
        null,
        0,
        0,
        0,
        0,
        null,
        0,
        0,
        null,
        null,
        null
      ],
      "/Users/eliotswank/turing/mod2-redux/projects/little-shop-redux/spec/features/items/user_can_see_item_dashboard_spec.rb": [
        1,
        1,
        1,
        null,
        0,
        null,
        0,
        null,
        null,
        1,
        null,
        0,
        null,
        0,
        null,
        null,
        1,
        null,
        0,
        null,
        0,
        null,
        null,
        1,
        null,
        0,
        null,
        0,
        0,
        0,
        null,
        null,
        null
      ],
      "/Users/eliotswank/turing/mod2-redux/projects/little-shop-redux/spec/features/items/user_can_see_item_show_page_spec.rb": [
        1,
        1,
        1,
        1,
        1,
        null,
        null,
        null,
        null,
        null,
        null,
        1,
        null,
        1,
        1,
        1,
        1,
        1,
        null,
        null,
        1,
        1,
        1,
        null,
        null,
        null,
        null,
        null,
        null,
        1,
        1,
        null,
        1,
        1,
        null,
        null,
        1,
        1,
        1,
        null,
        null,
        null,
        null,
        null,
        null,
        1,
        1,
        null,
        1,
        null,
        null,
        null
      ],
      "/Users/eliotswank/turing/mod2-redux/projects/little-shop-redux/spec/features/items/user_sees_items_index_spec.rb": [
        1,
        1,
        1,
        1,
        null,
        null,
        null,
        null,
        null,
        null,
        1,
        null,
        null,
        null,
        null,
        null,
        null,
        null,
        1,
        null,
        1,
        1,
        null,
        1,
        1,
        null,
        null,
        1,
        1,
        1,
        null,
        null,
        null,
        null,
        null,
        1,
        1,
        null,
        1,
        null,
        null,
        1,
        1,
        null,
        1,
        1,
        1,
        null,
        null,
        null,
        null
      ],
      "/Users/eliotswank/turing/mod2-redux/projects/little-shop-redux/spec/features/merchants/user_can_create_a_new_merchant_spec.rb": [
        1,
        1,
        1,
        1,
        null,
        1,
        1,
        1,
        null,
        1,
        1,
        null,
        null,
        null
      ],
      "/Users/eliotswank/turing/mod2-redux/projects/little-shop-redux/spec/features/merchants/user_can_edit_merchant_attributes_spec.rb": [
        1,
        1,
        1,
        1,
        1,
        null,
        1,
        1,
        1,
        null,
        1,
        1,
        1,
        null,
        null,
        null
      ],
      "/Users/eliotswank/turing/mod2-redux/projects/little-shop-redux/spec/features/merchants/user_sees_a_merchant_show_spec.rb": [
        1,
        1,
        1,
        1,
        null,
        1,
        null,
        null,
        null,
        null,
        null,
        1,
        null,
        null,
        null,
        null,
        null,
        null,
        1,
        null,
        1,
        1,
        1,
        1,
        null,
        null,
        1,
        1,
        null,
        1,
        1,
        null,
        1,
        null,
        null,
        1,
        1,
        null,
        1,
        1,
        null,
        1,
        1,
        null,
        null,
        null
      ],
      "/Users/eliotswank/turing/mod2-redux/projects/little-shop-redux/spec/features/merchants/user_sees_merchants_index_spec.rb": [
        1,
        1,
        1,
        1,
        1,
        null,
        1,
        null,
        1,
        1,
        null,
        null,
        1,
        1,
        null,
        1,
        null,
        1,
        null,
        null,
        1,
        1,
        null,
        1,
        1,
        null,
        1,
        null,
        null,
        1,
        1,
        null,
        1,
        1,
        null,
        1,
        1,
        null,
        null,
        null,
        null,
        null,
        null
      ],
      "/Users/eliotswank/turing/mod2-redux/projects/little-shop-redux/spec/models/invoice_item_spec.rb": [
        1,
        1,
        1,
        1,
        null,
        null,
        null,
        null,
        null,
        null,
        1,
        null,
        null,
        null
      ],
      "/Users/eliotswank/turing/mod2-redux/projects/little-shop-redux/spec/models/invoice_spec.rb": [
        1,
        1,
        1,
        1,
        null,
        null,
        null,
        null,
        1,
        null,
        null,
        null,
        1,
        1,
        1,
        1,
        null,
        null,
        null,
        null,
        null,
        null,
        null,
        1,
        null,
        null,
        null,
        null,
        null,
        null,
        1,
        null,
        null,
        null,
        null,
        null,
        null,
        1,
        null,
        null,
        null,
        1,
        1,
        1,
        1,
        1,
        1,
        1,
        1,
        null,
        1,
        1,
        1,
        null,
        null,
        1,
        1,
        1,
        1,
        1,
        1,
        1,
        null,
        1,
        1,
        1,
        null,
        null,
        1,
        1,
        1,
        1,
        null,
        null,
        null,
        null,
        null,
        null,
        null,
        1,
        null,
        null,
        null,
        null,
        null,
        1,
        null,
        null,
        null,
        null,
        null,
        null,
        null,
        1,
        null,
        null,
        null,
        null,
        null,
        1,
        null,
        null,
        null,
        null,
        null,
        null,
        null,
        null,
        null,
        null
      ],
      "/Users/eliotswank/turing/mod2-redux/projects/little-shop-redux/spec/models/item_spec.rb": [
        1,
        1,
        1,
        1,
        null,
        null,
        null,
        null,
        null,
        null,
        1,
        null,
        null,
        null,
        1,
        1,
        1,
        null,
        null,
        null,
        null,
        null,
        null,
        1,
        null,
        null,
        null,
        null,
        null,
        null,
        1,
        null,
        null,
        1,
        1,
        null,
        null,
        null,
        null,
        null,
        null,
        1,
        null,
        null,
        null,
        null,
        null,
        null,
        1,
        null,
        null,
        1,
        1,
        null,
        null,
        null,
        null,
        null,
        null,
        1,
        null,
        null,
        null,
        null,
        null,
        null,
        1,
        null,
        null,
        1,
        1,
        null,
        null,
        null,
        null,
        null,
        null,
        1,
        null,
        null,
        null,
        null,
        null,
        null,
        1,
        null,
        null,
        null
      ],
      "/Users/eliotswank/turing/mod2-redux/projects/little-shop-redux/spec/models/merchant_spec.rb": [
        1,
        1,
        1,
        1,
        null,
        1,
        null,
        null,
        null,
        1,
        1,
        1,
        1,
        null,
        1,
        null,
        null,
        null,
        null,
        null,
        null,
        1,
        null,
        null,
        null,
        null,
        null,
        null,
        1,
        null,
        null,
        null,
        null,
        null,
        null,
        1,
        1,
        null,
        null,
        1,
        1,
        null,
        1,
        null,
        null,
        null,
        null,
        null,
        null,
        1,
        null,
        null,
        null,
        null,
        null,
        null,
        1,
        null,
        null,
        1,
        1,
        null,
        1,
        null,
        null,
        null,
        null,
        null,
        null,
        1,
        null,
        null,
        null,
        null,
        null,
        null,
        1,
        null,
        null,
        null,
        1,
        1,
        1,
        1,
        null,
        1,
        null,
        null,
        null,
        null,
        null,
        null,
        1,
        null,
        null,
        null,
        null,
        null,
        null,
        1,
        null,
        null,
        null,
        null,
        null,
        null,
        1,
        null,
        null,
        1,
        1,
        1,
        null,
        1,
        null,
        null,
        null,
        null,
        null,
        null,
        1,
        null,
        null,
        null,
        null,
        null,
        null,
        1,
        null,
        null,
        null,
        null,
        null,
        null,
        1,
        null,
        null,
        null
      ]
    },
    "timestamp": 1530472751
  }
}
